Microsoft HTML Help Compiler 4.74.8702

Compiling c:\Users\psaadm\Desktop\HTML Test\psa3-html\HTMLHelp\psa3-html.chm

HHC3004: Warning: introduction.htm : The HTML tag "?xml version="1.0" encoding="Windows-1252"?" is not a valid HTML tag (it does not begin with an alphanumeric character).
HHC3004: Warning: psa3intheorganisation.htm : The HTML tag "?xml version="1.0" encoding="Windows-1252"?" is not a valid HTML tag (it does not begin with an alphanumeric character).
HHC3004: Warning: psa3structureandfiles.htm : The HTML tag "?xml version="1.0" encoding="Windows-1252"?" is not a valid HTML tag (it does not begin with an alphanumeric character).
HHC3004: Warning: majortermsdefined.htm : The HTML tag "?xml version="1.0" encoding="Windows-1252"?" is not a valid HTML tag (it does not begin with an alphanumeric character).
HHC3004: Warning: beforeyoustart.htm : The HTML tag "?xml version="1.0" encoding="Windows-1252"?" is not a valid HTML tag (it does not begin with an alphanumeric character).
HHC3004: Warning: installingpsa3.htm : The HTML tag "?xml version="1.0" encoding="Windows-1252"?" is not a valid HTML tag (it does not begin with an alphanumeric character).
HHC3004: Warning: alternativecodepagesrussianpolishgreekchinese.htm : The HTML tag "?xml version="1.0" encoding="Windows-1252"?" is not a valid HTML tag (it does not begin with an alphanumeric character).
HHC3004: Warning: firsttimerunning.htm : The HTML tag "?xml version="1.0" encoding="Windows-1252"?" is not a valid HTML tag (it does not begin with an alphanumeric character).
HHC3004: Warning: upgradingfrompsa2.htm : The HTML tag "?xml version="1.0" encoding="Windows-1252"?" is not a valid HTML tag (it does not begin with an alphanumeric character).
HHC3004: Warning: requirements.htm : The HTML tag "?xml version="1.0" encoding="Windows-1252"?" is not a valid HTML tag (it does not begin with an alphanumeric character).
HHC3004: Warning: sqlserverversion.htm : The HTML tag "?xml version="1.0" encoding="Windows-1252"?" is not a valid HTML tag (it does not begin with an alphanumeric character).
HHC3004: Warning: createadatabase.htm : The HTML tag "?xml version="1.0" encoding="Windows-1252"?" is not a valid HTML tag (it does not begin with an alphanumeric character).
HHC3004: Warning: convertingthedatabase.htm : The HTML tag "?xml version="1.0" encoding="Windows-1252"?" is not a valid HTML tag (it does not begin with an alphanumeric character).
HHC3004: Warning: usingpsa3forthefirsttime.htm : The HTML tag "?xml version="1.0" encoding="Windows-1252"?" is not a valid HTML tag (it does not begin with an alphanumeric character).
HHC3004: Warning: installingandconfiguringpsaconnect.htm : The HTML tag "?xml version="1.0" encoding="Windows-1252"?" is not a valid HTML tag (it does not begin with an alphanumeric character).
HHC3004: Warning: essentialparameterchecklist.htm : The HTML tag "?xml version="1.0" encoding="Windows-1252"?" is not a valid HTML tag (it does not begin with an alphanumeric character).
HHC3004: Warning: whatifandautosyncmodes.htm : The HTML tag "?xml version="1.0" encoding="Windows-1252"?" is not a valid HTML tag (it does not begin with an alphanumeric character).
HHC3004: Warning: whatifmode.htm : The HTML tag "?xml version="1.0" encoding="Windows-1252"?" is not a valid HTML tag (it does not begin with an alphanumeric character).
HHC3004: Warning: autosyncmode.htm : The HTML tag "?xml version="1.0" encoding="Windows-1252"?" is not a valid HTML tag (it does not begin with an alphanumeric character).
HHC3004: Warning: setupofschedulecontrolpreferencesrefertodetailscreens.htm : The HTML tag "?xml version="1.0" encoding="Windows-1252"?" is not a valid HTML tag (it does not begin with an alphanumeric character).
HHC3004: Warning: unplannedtabactions.htm : The HTML tag "?xml version="1.0" encoding="Windows-1252"?" is not a valid HTML tag (it does not begin with an alphanumeric character).
HHC3004: Warning: importedduplicateorders.htm : The HTML tag "?xml version="1.0" encoding="Windows-1252"?" is not a valid HTML tag (it does not begin with an alphanumeric character).
HHC3004: Warning: tentativeorderreplacement.htm : The HTML tag "?xml version="1.0" encoding="Windows-1252"?" is not a valid HTML tag (it does not begin with an alphanumeric character).
HHC3004: Warning: plannedtabactions.htm : The HTML tag "?xml version="1.0" encoding="Windows-1252"?" is not a valid HTML tag (it does not begin with an alphanumeric character).
HHC3004: Warning: utilisation.htm : The HTML tag "?xml version="1.0" encoding="Windows-1252"?" is not a valid HTML tag (it does not begin with an alphanumeric character).
HHC3004: Warning: grouporders.htm : The HTML tag "?xml version="1.0" encoding="Windows-1252"?" is not a valid HTML tag (it does not begin with an alphanumeric character).
HHC3004: Warning: resources.htm : The HTML tag "?xml version="1.0" encoding="Windows-1252"?" is not a valid HTML tag (it does not begin with an alphanumeric character).
HHC3004: Warning: keydates.htm : The HTML tag "?xml version="1.0" encoding="Windows-1252"?" is not a valid HTML tag (it does not begin with an alphanumeric character).
HHC3004: Warning: technicalattributes.htm : The HTML tag "?xml version="1.0" encoding="Windows-1252"?" is not a valid HTML tag (it does not begin with an alphanumeric character).
HHC3004: Warning: reports.htm : The HTML tag "?xml version="1.0" encoding="Windows-1252"?" is not a valid HTML tag (it does not begin with an alphanumeric character).
HHC3004: Warning: howtheywork.htm : The HTML tag "?xml version="1.0" encoding="Windows-1252"?" is not a valid HTML tag (it does not begin with an alphanumeric character).
HHC3004: Warning: directorystructure.htm : The HTML tag "?xml version="1.0" encoding="Windows-1252"?" is not a valid HTML tag (it does not begin with an alphanumeric character).
HHC3004: Warning: standardreports.htm : The HTML tag "?xml version="1.0" encoding="Windows-1252"?" is not a valid HTML tag (it does not begin with an alphanumeric character).
HHC3004: Warning: orderinformation.htm : The HTML tag "?xml version="1.0" encoding="Windows-1252"?" is not a valid HTML tag (it does not begin with an alphanumeric character).
HHC3004: Warning: lateststartviolations.htm : The HTML tag "?xml version="1.0" encoding="Windows-1252"?" is not a valid HTML tag (it does not begin with an alphanumeric character).
HHC3004: Warning: overlapviolations.htm : The HTML tag "?xml version="1.0" encoding="Windows-1252"?" is not a valid HTML tag (it does not begin with an alphanumeric character).
HHC3004: Warning: processreport.htm : The HTML tag "?xml version="1.0" encoding="Windows-1252"?" is not a valid HTML tag (it does not begin with an alphanumeric character).
HHC3004: Warning: resourceavailability.htm : The HTML tag "?xml version="1.0" encoding="Windows-1252"?" is not a valid HTML tag (it does not begin with an alphanumeric character).
HHC3004: Warning: utilisation1.htm : The HTML tag "?xml version="1.0" encoding="Windows-1252"?" is not a valid HTML tag (it does not begin with an alphanumeric character).
HHC3004: Warning: worktolist.htm : The HTML tag "?xml version="1.0" encoding="Windows-1252"?" is not a valid HTML tag (it does not begin with an alphanumeric character).
HHC3004: Warning: workinprogress.htm : The HTML tag "?xml version="1.0" encoding="Windows-1252"?" is not a valid HTML tag (it does not begin with an alphanumeric character).
HHC3004: Warning: otherreports.htm : The HTML tag "?xml version="1.0" encoding="Windows-1252"?" is not a valid HTML tag (it does not begin with an alphanumeric character).
HHC3004: Warning: customreports.htm : The HTML tag "?xml version="1.0" encoding="Windows-1252"?" is not a valid HTML tag (it does not begin with an alphanumeric character).
HHC3004: Warning: specialreports.htm : The HTML tag "?xml version="1.0" encoding="Windows-1252"?" is not a valid HTML tag (it does not begin with an alphanumeric character).
HHC3004: Warning: customreports1.htm : The HTML tag "?xml version="1.0" encoding="Windows-1252"?" is not a valid HTML tag (it does not begin with an alphanumeric character).
HHC3004: Warning: creatinganewreport.htm : The HTML tag "?xml version="1.0" encoding="Windows-1252"?" is not a valid HTML tag (it does not begin with an alphanumeric character).
HHC3004: Warning: linkingtoradius.htm : The HTML tag "?xml version="1.0" encoding="Windows-1252"?" is not a valid HTML tag (it does not begin with an alphanumeric character).
HHC3004: Warning: housekeeping.htm : The HTML tag "?xml version="1.0" encoding="Windows-1252"?" is not a valid HTML tag (it does not begin with an alphanumeric character).
HHC3004: Warning: nonworkingperiodautomation.htm : The HTML tag "?xml version="1.0" encoding="Windows-1252"?" is not a valid HTML tag (it does not begin with an alphanumeric character).
HHC3004: Warning: fileoptions.htm : The HTML tag "?xml version="1.0" encoding="Windows-1252"?" is not a valid HTML tag (it does not begin with an alphanumeric character).
HHC3004: Warning: logon.htm : The HTML tag "?xml version="1.0" encoding="Windows-1252"?" is not a valid HTML tag (it does not begin with an alphanumeric character).
HHC3004: Warning: systemconfiguration.htm : The HTML tag "?xml version="1.0" encoding="Windows-1252"?" is not a valid HTML tag (it does not begin with an alphanumeric character).
HHC3004: Warning: filepathstabfilepatharea.htm : The HTML tag "?xml version="1.0" encoding="Windows-1252"?" is not a valid HTML tag (it does not begin with an alphanumeric character).
HHC3004: Warning: filepathstabhousekeepingarea.htm : The HTML tag "?xml version="1.0" encoding="Windows-1252"?" is not a valid HTML tag (it does not begin with an alphanumeric character).
HHC3004: Warning: functionalitytab.htm : The HTML tag "?xml version="1.0" encoding="Windows-1252"?" is not a valid HTML tag (it does not begin with an alphanumeric character).
HHC3004: Warning: parameterstabcompanydetailsarea.htm : The HTML tag "?xml version="1.0" encoding="Windows-1252"?" is not a valid HTML tag (it does not begin with an alphanumeric character).
HHC3004: Warning: parameterstabgeographicalarea.htm : The HTML tag "?xml version="1.0" encoding="Windows-1252"?" is not a valid HTML tag (it does not begin with an alphanumeric character).
HHC3004: Warning: parameterstabsystemparametersarea.htm : The HTML tag "?xml version="1.0" encoding="Windows-1252"?" is not a valid HTML tag (it does not begin with an alphanumeric character).
HHC3004: Warning: parameterstabplananduseroffsetsfromcompanytime.htm : The HTML tag "?xml version="1.0" encoding="Windows-1252"?" is not a valid HTML tag (it does not begin with an alphanumeric character).
HHC3004: Warning: parameterstabcalendararea.htm : The HTML tag "?xml version="1.0" encoding="Windows-1252"?" is not a valid HTML tag (it does not begin with an alphanumeric character).
HHC3004: Warning: parameterstabanalysissets.htm : The HTML tag "?xml version="1.0" encoding="Windows-1252"?" is not a valid HTML tag (it does not begin with an alphanumeric character).
HHC3004: Warning: komoriexport.htm : The HTML tag "?xml version="1.0" encoding="Windows-1252"?" is not a valid HTML tag (it does not begin with an alphanumeric character).
HHC3004: Warning: heidelburgexport.htm : The HTML tag "?xml version="1.0" encoding="Windows-1252"?" is not a valid HTML tag (it does not begin with an alphanumeric character).
HHC3004: Warning: resources1.htm : The HTML tag "?xml version="1.0" encoding="Windows-1252"?" is not a valid HTML tag (it does not begin with an alphanumeric character).
HHC3004: Warning: warnings.htm : The HTML tag "?xml version="1.0" encoding="Windows-1252"?" is not a valid HTML tag (it does not begin with an alphanumeric character).
HHC3004: Warning: materials.htm : The HTML tag "?xml version="1.0" encoding="Windows-1252"?" is not a valid HTML tag (it does not begin with an alphanumeric character).
HHC3004: Warning: automergeandreplace.htm : The HTML tag "?xml version="1.0" encoding="Windows-1252"?" is not a valid HTML tag (it does not begin with an alphanumeric character).
HHC3004: Warning: usermaintenance.htm : The HTML tag "?xml version="1.0" encoding="Windows-1252"?" is not a valid HTML tag (it does not begin with an alphanumeric character).
HHC3004: Warning: detailstab.htm : The HTML tag "?xml version="1.0" encoding="Windows-1252"?" is not a valid HTML tag (it does not begin with an alphanumeric character).
HHC3004: Warning: permissionstab.htm : The HTML tag "?xml version="1.0" encoding="Windows-1252"?" is not a valid HTML tag (it does not begin with an alphanumeric character).
HHC3004: Warning: workcentrestab.htm : The HTML tag "?xml version="1.0" encoding="Windows-1252"?" is not a valid HTML tag (it does not begin with an alphanumeric character).
HHC3004: Warning: resourcestab.htm : The HTML tag "?xml version="1.0" encoding="Windows-1252"?" is not a valid HTML tag (it does not begin with an alphanumeric character).
HHC3004: Warning: staticdatamaintenancetables.htm : The HTML tag "?xml version="1.0" encoding="Windows-1252"?" is not a valid HTML tag (it does not begin with an alphanumeric character).
HHC3004: Warning: customertab.htm : The HTML tag "?xml version="1.0" encoding="Windows-1252"?" is not a valid HTML tag (it does not begin with an alphanumeric character).
HHC3004: Warning: processtypesholdreasonscreditcheckmessages.htm : The HTML tag "?xml version="1.0" encoding="Windows-1252"?" is not a valid HTML tag (it does not begin with an alphanumeric character).
HHC3004: Warning: makereadyreduction.htm : The HTML tag "?xml version="1.0" encoding="Windows-1252"?" is not a valid HTML tag (it does not begin with an alphanumeric character).
HHC3004: Warning: workcentres.htm : The HTML tag "?xml version="1.0" encoding="Windows-1252"?" is not a valid HTML tag (it does not begin with an alphanumeric character).
HHC3004: Warning: displaycodes.htm : The HTML tag "?xml version="1.0" encoding="Windows-1252"?" is not a valid HTML tag (it does not begin with an alphanumeric character).
HHC3004: Warning: resources2.htm : The HTML tag "?xml version="1.0" encoding="Windows-1252"?" is not a valid HTML tag (it does not begin with an alphanumeric character).
HHC3004: Warning: technicalattributes1.htm : The HTML tag "?xml version="1.0" encoding="Windows-1252"?" is not a valid HTML tag (it does not begin with an alphanumeric character).
HHC3004: Warning: availability.htm : The HTML tag "?xml version="1.0" encoding="Windows-1252"?" is not a valid HTML tag (it does not begin with an alphanumeric character).
HHC3004: Warning: timesheets.htm : The HTML tag "?xml version="1.0" encoding="Windows-1252"?" is not a valid HTML tag (it does not begin with an alphanumeric character).
HHC3004: Warning: userdefinedneons.htm : The HTML tag "?xml version="1.0" encoding="Windows-1252"?" is not a valid HTML tag (it does not begin with an alphanumeric character).
HHC3004: Warning: planningboardpreferences.htm : The HTML tag "?xml version="1.0" encoding="Windows-1252"?" is not a valid HTML tag (it does not begin with an alphanumeric character).
HHC3004: Warning: general.htm : The HTML tag "?xml version="1.0" encoding="Windows-1252"?" is not a valid HTML tag (it does not begin with an alphanumeric character).
HHC3004: Warning: workcentrestab1.htm : The HTML tag "?xml version="1.0" encoding="Windows-1252"?" is not a valid HTML tag (it does not begin with an alphanumeric character).
HHC3004: Warning: displaycodesupdate.htm : The HTML tag "?xml version="1.0" encoding="Windows-1252"?" is not a valid HTML tag (it does not begin with an alphanumeric character).
HHC3004: Warning: defaultstab.htm : The HTML tag "?xml version="1.0" encoding="Windows-1252"?" is not a valid HTML tag (it does not begin with an alphanumeric character).
HHC3004: Warning: taskcarddefinitionbyprocesstype.htm : The HTML tag "?xml version="1.0" encoding="Windows-1252"?" is not a valid HTML tag (it does not begin with an alphanumeric character).
HHC3004: Warning: planningboard.htm : The HTML tag "?xml version="1.0" encoding="Windows-1252"?" is not a valid HTML tag (it does not begin with an alphanumeric character).
HHC3004: Warning: menuoptions.htm : The HTML tag "?xml version="1.0" encoding="Windows-1252"?" is not a valid HTML tag (it does not begin with an alphanumeric character).
HHC3004: Warning: buttons.htm : The HTML tag "?xml version="1.0" encoding="Windows-1252"?" is not a valid HTML tag (it does not begin with an alphanumeric character).
HHC3004: Warning: shunting.htm : The HTML tag "?xml version="1.0" encoding="Windows-1252"?" is not a valid HTML tag (it does not begin with an alphanumeric character).
HHC3004: Warning: nonworkingperiods.htm : The HTML tag "?xml version="1.0" encoding="Windows-1252"?" is not a valid HTML tag (it does not begin with an alphanumeric character).
HHC3004: Warning: workcentremaintenanceperiods.htm : The HTML tag "?xml version="1.0" encoding="Windows-1252"?" is not a valid HTML tag (it does not begin with an alphanumeric character).
HHC3004: Warning: contextsensitivemenus.htm : The HTML tag "?xml version="1.0" encoding="Windows-1252"?" is not a valid HTML tag (it does not begin with an alphanumeric character).
HHC3004: Warning: neonsanduserdefinedneons.htm : The HTML tag "?xml version="1.0" encoding="Windows-1252"?" is not a valid HTML tag (it does not begin with an alphanumeric character).
HHC3004: Warning: resourcedisplay.htm : The HTML tag "?xml version="1.0" encoding="Windows-1252"?" is not a valid HTML tag (it does not begin with an alphanumeric character).
HHC3004: Warning: parkarea.htm : The HTML tag "?xml version="1.0" encoding="Windows-1252"?" is not a valid HTML tag (it does not begin with an alphanumeric character).
HHC3004: Warning: tasksplitting.htm : The HTML tag "?xml version="1.0" encoding="Windows-1252"?" is not a valid HTML tag (it does not begin with an alphanumeric character).
HHC3004: Warning: searchingforduplicateattributevalues.htm : The HTML tag "?xml version="1.0" encoding="Windows-1252"?" is not a valid HTML tag (it does not begin with an alphanumeric character).
HHC3004: Warning: dynamicfirmline.htm : The HTML tag "?xml version="1.0" encoding="Windows-1252"?" is not a valid HTML tag (it does not begin with an alphanumeric character).
HHC3004: Warning: dynamicworktolist.htm : The HTML tag "?xml version="1.0" encoding="Windows-1252"?" is not a valid HTML tag (it does not begin with an alphanumeric character).
HHC3004: Warning: configurabledetails.htm : The HTML tag "?xml version="1.0" encoding="Windows-1252"?" is not a valid HTML tag (it does not begin with an alphanumeric character).
HHC3004: Warning: inuseselectingtasks.htm : The HTML tag "?xml version="1.0" encoding="Windows-1252"?" is not a valid HTML tag (it does not begin with an alphanumeric character).
HHC3004: Warning: actioningselectedtasks.htm : The HTML tag "?xml version="1.0" encoding="Windows-1252"?" is not a valid HTML tag (it does not begin with an alphanumeric character).
HHC3004: Warning: contextsensitiveoptions.htm : The HTML tag "?xml version="1.0" encoding="Windows-1252"?" is not a valid HTML tag (it does not begin with an alphanumeric character).
HHC3004: Warning: grouptasks.htm : The HTML tag "?xml version="1.0" encoding="Windows-1252"?" is not a valid HTML tag (it does not begin with an alphanumeric character).
HHC3004: Warning: ordermaintenance.htm : The HTML tag "?xml version="1.0" encoding="Windows-1252"?" is not a valid HTML tag (it does not begin with an alphanumeric character).
HHC3004: Warning: searchtab.htm : The HTML tag "?xml version="1.0" encoding="Windows-1252"?" is not a valid HTML tag (it does not begin with an alphanumeric character).
HHC3004: Warning: orderheadertab.htm : The HTML tag "?xml version="1.0" encoding="Windows-1252"?" is not a valid HTML tag (it does not begin with an alphanumeric character).
HHC3004: Warning: components.htm : The HTML tag "?xml version="1.0" encoding="Windows-1252"?" is not a valid HTML tag (it does not begin with an alphanumeric character).
HHC3004: Warning: tasks.htm : The HTML tag "?xml version="1.0" encoding="Windows-1252"?" is not a valid HTML tag (it does not begin with an alphanumeric character).
HHC3004: Warning: materials1.htm : The HTML tag "?xml version="1.0" encoding="Windows-1252"?" is not a valid HTML tag (it does not begin with an alphanumeric character).
HHC3004: Warning: structure.htm : The HTML tag "?xml version="1.0" encoding="Windows-1252"?" is not a valid HTML tag (it does not begin with an alphanumeric character).
HHC3004: Warning: tools.htm : The HTML tag "?xml version="1.0" encoding="Windows-1252"?" is not a valid HTML tag (it does not begin with an alphanumeric character).
HHC3004: Warning: notes.htm : The HTML tag "?xml version="1.0" encoding="Windows-1252"?" is not a valid HTML tag (it does not begin with an alphanumeric character).
HHC3004: Warning: keydates1.htm : The HTML tag "?xml version="1.0" encoding="Windows-1252"?" is not a valid HTML tag (it does not begin with an alphanumeric character).
HHC3004: Warning: itemattributes.htm : The HTML tag "?xml version="1.0" encoding="Windows-1252"?" is not a valid HTML tag (it does not begin with an alphanumeric character).
HHC3004: Warning: items.htm : The HTML tag "?xml version="1.0" encoding="Windows-1252"?" is not a valid HTML tag (it does not begin with an alphanumeric character).
HHC3004: Warning: calloffs.htm : The HTML tag "?xml version="1.0" encoding="Windows-1252"?" is not a valid HTML tag (it does not begin with an alphanumeric character).
HHC3004: Warning: taskmaintenance.htm : The HTML tag "?xml version="1.0" encoding="Windows-1252"?" is not a valid HTML tag (it does not begin with an alphanumeric character).
HHC3004: Warning: taskmainttab.htm : The HTML tag "?xml version="1.0" encoding="Windows-1252"?" is not a valid HTML tag (it does not begin with an alphanumeric character).
HHC3004: Warning: planningcard.htm : The HTML tag "?xml version="1.0" encoding="Windows-1252"?" is not a valid HTML tag (it does not begin with an alphanumeric character).
HHC3004: Warning: shopfloor.htm : The HTML tag "?xml version="1.0" encoding="Windows-1252"?" is not a valid HTML tag (it does not begin with an alphanumeric character).
HHC3004: Warning: items1.htm : The HTML tag "?xml version="1.0" encoding="Windows-1252"?" is not a valid HTML tag (it does not begin with an alphanumeric character).
HHC3004: Warning: schedulecontrol.htm : The HTML tag "?xml version="1.0" encoding="Windows-1252"?" is not a valid HTML tag (it does not begin with an alphanumeric character).
HHC3004: Warning: preferencestab.htm : The HTML tag "?xml version="1.0" encoding="Windows-1252"?" is not a valid HTML tag (it does not begin with an alphanumeric character).
HHC3004: Warning: unplannedtabactions1.htm : The HTML tag "?xml version="1.0" encoding="Windows-1252"?" is not a valid HTML tag (it does not begin with an alphanumeric character).
HHC3004: Warning: plannedtabactions1.htm : The HTML tag "?xml version="1.0" encoding="Windows-1252"?" is not a valid HTML tag (it does not begin with an alphanumeric character).
HHC3004: Warning: utilisationmonitor.htm : The HTML tag "?xml version="1.0" encoding="Windows-1252"?" is not a valid HTML tag (it does not begin with an alphanumeric character).
HHC3004: Warning: grouporders1.htm : The HTML tag "?xml version="1.0" encoding="Windows-1252"?" is not a valid HTML tag (it does not begin with an alphanumeric character).
HHC3004: Warning: timesheetssfdclite.htm : The HTML tag "?xml version="1.0" encoding="Windows-1252"?" is not a valid HTML tag (it does not begin with an alphanumeric character).
HHC3004: Warning: setup.htm : The HTML tag "?xml version="1.0" encoding="Windows-1252"?" is not a valid HTML tag (it does not begin with an alphanumeric character).
HHC3004: Warning: logon1.htm : The HTML tag "?xml version="1.0" encoding="Windows-1252"?" is not a valid HTML tag (it does not begin with an alphanumeric character).
HHC3004: Warning: runningtasks.htm : The HTML tag "?xml version="1.0" encoding="Windows-1252"?" is not a valid HTML tag (it does not begin with an alphanumeric character).
HHC3004: Warning: nonproductiveevents.htm : The HTML tag "?xml version="1.0" encoding="Windows-1252"?" is not a valid HTML tag (it does not begin with an alphanumeric character).
HHC3004: Warning: useofcounters.htm : The HTML tag "?xml version="1.0" encoding="Windows-1252"?" is not a valid HTML tag (it does not begin with an alphanumeric character).
HHC3004: Warning: supervisorfunctions.htm : The HTML tag "?xml version="1.0" encoding="Windows-1252"?" is not a valid HTML tag (it does not begin with an alphanumeric character).
HHC3004: Warning: toolingoverview.htm : The HTML tag "?xml version="1.0" encoding="Windows-1252"?" is not a valid HTML tag (it does not begin with an alphanumeric character).
HHC3004: Warning: installationandsetup.htm : The HTML tag "?xml version="1.0" encoding="Windows-1252"?" is not a valid HTML tag (it does not begin with an alphanumeric character).
HHC3004: Warning: runtime.htm : The HTML tag "?xml version="1.0" encoding="Windows-1252"?" is not a valid HTML tag (it does not begin with an alphanumeric character).
HHC3004: Warning: utilities.htm : The HTML tag "?xml version="1.0" encoding="Windows-1252"?" is not a valid HTML tag (it does not begin with an alphanumeric character).
HHC3004: Warning: komoriutilities.htm : The HTML tag "?xml version="1.0" encoding="Windows-1252"?" is not a valid HTML tag (it does not begin with an alphanumeric character).
HHC3004: Warning: newplan.htm : The HTML tag "?xml version="1.0" encoding="Windows-1252"?" is not a valid HTML tag (it does not begin with an alphanumeric character).
HHC3004: Warning: plandataformating.htm : The HTML tag "?xml version="1.0" encoding="Windows-1252"?" is not a valid HTML tag (it does not begin with an alphanumeric character).
HHC3004: Warning: shiftdeletion.htm : The HTML tag "?xml version="1.0" encoding="Windows-1252"?" is not a valid HTML tag (it does not begin with an alphanumeric character).
HHC3004: Warning: clearrecentplans.htm : The HTML tag "?xml version="1.0" encoding="Windows-1252"?" is not a valid HTML tag (it does not begin with an alphanumeric character).
HHC3004: Warning: compactdatabase.htm : The HTML tag "?xml version="1.0" encoding="Windows-1252"?" is not a valid HTML tag (it does not begin with an alphanumeric character).
HHC3004: Warning: multipleorderdelete.htm : The HTML tag "?xml version="1.0" encoding="Windows-1252"?" is not a valid HTML tag (it does not begin with an alphanumeric character).
HHC3004: Warning: completedstatusupdate.htm : The HTML tag "?xml version="1.0" encoding="Windows-1252"?" is not a valid HTML tag (it does not begin with an alphanumeric character).
HHC3004: Warning: frequentlyaskedquestions.htm : The HTML tag "?xml version="1.0" encoding="Windows-1252"?" is not a valid HTML tag (it does not begin with an alphanumeric character).
HHC3004: Warning: appendicesincludingtechnicalnotes.htm : The HTML tag "?xml version="1.0" encoding="Windows-1252"?" is not a valid HTML tag (it does not begin with an alphanumeric character).
HHC3004: Warning: glossary.htm : The HTML tag "?xml version="1.0" encoding="Windows-1252"?" is not a valid HTML tag (it does not begin with an alphanumeric character).
HHC3004: Warning: filelayouts.htm : The HTML tag "?xml version="1.0" encoding="Windows-1252"?" is not a valid HTML tag (it does not begin with an alphanumeric character).
HHC3004: Warning: availdetail.htm : The HTML tag "?xml version="1.0" encoding="Windows-1252"?" is not a valid HTML tag (it does not begin with an alphanumeric character).
HHC3004: Warning: availheader.htm : The HTML tag "?xml version="1.0" encoding="Windows-1252"?" is not a valid HTML tag (it does not begin with an alphanumeric character).
HHC3004: Warning: capability.htm : The HTML tag "?xml version="1.0" encoding="Windows-1252"?" is not a valid HTML tag (it does not begin with an alphanumeric character).
HHC3004: Warning: comprelationship.htm : The HTML tag "?xml version="1.0" encoding="Windows-1252"?" is not a valid HTML tag (it does not begin with an alphanumeric character).
HHC3004: Warning: component.htm : The HTML tag "?xml version="1.0" encoding="Windows-1252"?" is not a valid HTML tag (it does not begin with an alphanumeric character).
HHC3004: Warning: customer.htm : The HTML tag "?xml version="1.0" encoding="Windows-1252"?" is not a valid HTML tag (it does not begin with an alphanumeric character).
HHC3004: Warning: dcoderes.htm : The HTML tag "?xml version="1.0" encoding="Windows-1252"?" is not a valid HTML tag (it does not begin with an alphanumeric character).
HHC3004: Warning: displaycodes1.htm : The HTML tag "?xml version="1.0" encoding="Windows-1252"?" is not a valid HTML tag (it does not begin with an alphanumeric character).
HHC3004: Warning: eventcds.htm : The HTML tag "?xml version="1.0" encoding="Windows-1252"?" is not a valid HTML tag (it does not begin with an alphanumeric character).
HHC3004: Warning: job.htm : The HTML tag "?xml version="1.0" encoding="Windows-1252"?" is not a valid HTML tag (it does not begin with an alphanumeric character).
HHC3004: Warning: jobitem.htm : The HTML tag "?xml version="1.0" encoding="Windows-1252"?" is not a valid HTML tag (it does not begin with an alphanumeric character).
HHC3004: Warning: jobmaterial.htm : The HTML tag "?xml version="1.0" encoding="Windows-1252"?" is not a valid HTML tag (it does not begin with an alphanumeric character).
HHC3004: Warning: matgroup.htm : The HTML tag "?xml version="1.0" encoding="Windows-1252"?" is not a valid HTML tag (it does not begin with an alphanumeric character).
HHC3004: Warning: matlink.htm : The HTML tag "?xml version="1.0" encoding="Windows-1252"?" is not a valid HTML tag (it does not begin with an alphanumeric character).
HHC3004: Warning: opevent.htm : The HTML tag "?xml version="1.0" encoding="Windows-1252"?" is not a valid HTML tag (it does not begin with an alphanumeric character).
HHC3004: Warning: ordheader.htm : The HTML tag "?xml version="1.0" encoding="Windows-1252"?" is not a valid HTML tag (it does not begin with an alphanumeric character).
HHC3004: Warning: ordnotes.htm : The HTML tag "?xml version="1.0" encoding="Windows-1252"?" is not a valid HTML tag (it does not begin with an alphanumeric character).
HHC3004: Warning: ordpart.htm : The HTML tag "?xml version="1.0" encoding="Windows-1252"?" is not a valid HTML tag (it does not begin with an alphanumeric character).
HHC3004: Warning: parameter.htm : The HTML tag "?xml version="1.0" encoding="Windows-1252"?" is not a valid HTML tag (it does not begin with an alphanumeric character).
HHC3004: Warning: password.htm : The HTML tag "?xml version="1.0" encoding="Windows-1252"?" is not a valid HTML tag (it does not begin with an alphanumeric character).
HHC3004: Warning: passwordresources.htm : The HTML tag "?xml version="1.0" encoding="Windows-1252"?" is not a valid HTML tag (it does not begin with an alphanumeric character).
HHC3004: Warning: processtype.htm : The HTML tag "?xml version="1.0" encoding="Windows-1252"?" is not a valid HTML tag (it does not begin with an alphanumeric character).
HHC3004: Warning: resource.htm : The HTML tag "?xml version="1.0" encoding="Windows-1252"?" is not a valid HTML tag (it does not begin with an alphanumeric character).
HHC3004: Warning: resrpt.htm : The HTML tag "?xml version="1.0" encoding="Windows-1252"?" is not a valid HTML tag (it does not begin with an alphanumeric character).
HHC3004: Warning: sfdcdelete.htm : The HTML tag "?xml version="1.0" encoding="Windows-1252"?" is not a valid HTML tag (it does not begin with an alphanumeric character).
HHC3004: Warning: sfreport.htm : The HTML tag "?xml version="1.0" encoding="Windows-1252"?" is not a valid HTML tag (it does not begin with an alphanumeric character).
HHC3004: Warning: taskreport.htm : The HTML tag "?xml version="1.0" encoding="Windows-1252"?" is not a valid HTML tag (it does not begin with an alphanumeric character).
HHC3004: Warning: techattributes.htm : The HTML tag "?xml version="1.0" encoding="Windows-1252"?" is not a valid HTML tag (it does not begin with an alphanumeric character).
HHC3004: Warning: techmap.htm : The HTML tag "?xml version="1.0" encoding="Windows-1252"?" is not a valid HTML tag (it does not begin with an alphanumeric character).
HHC3004: Warning: utilisationreport.htm : The HTML tag "?xml version="1.0" encoding="Windows-1252"?" is not a valid HTML tag (it does not begin with an alphanumeric character).
HHC3004: Warning: auditfiledetails.htm : The HTML tag "?xml version="1.0" encoding="Windows-1252"?" is not a valid HTML tag (it does not begin with an alphanumeric character).
HHC3004: Warning: updatesrejectedmessage.htm : The HTML tag "?xml version="1.0" encoding="Windows-1252"?" is not a valid HTML tag (it does not begin with an alphanumeric character).
HHC3004: Warning: crystalreports.htm : The HTML tag "?xml version="1.0" encoding="Windows-1252"?" is not a valid HTML tag (it does not begin with an alphanumeric character).
HHC3004: Warning: komoriexportfilelayout.htm : The HTML tag "?xml version="1.0" encoding="Windows-1252"?" is not a valid HTML tag (it does not begin with an alphanumeric character).
HHC3004: Warning: heidelbergexportfilelayout.htm : The HTML tag "?xml version="1.0" encoding="Windows-1252"?" is not a valid HTML tag (it does not begin with an alphanumeric character).
HHC3004: Warning: dataexchangeradiusi.htm : The HTML tag "?xml version="1.0" encoding="Windows-1252"?" is not a valid HTML tag (it does not begin with an alphanumeric character).
HHC3004: Warning: transferringorderdetailsimport.htm : The HTML tag "?xml version="1.0" encoding="Windows-1252"?" is not a valid HTML tag (it does not begin with an alphanumeric character).
HHC3004: Warning: resourceavailabilitydata.htm : The HTML tag "?xml version="1.0" encoding="Windows-1252"?" is not a valid HTML tag (it does not begin with an alphanumeric character).
HHC3004: Warning: transferringcomponentdetails.htm : The HTML tag "?xml version="1.0" encoding="Windows-1252"?" is not a valid HTML tag (it does not begin with an alphanumeric character).
HHC3004: Warning: taskdetailstransfer.htm : The HTML tag "?xml version="1.0" encoding="Windows-1252"?" is not a valid HTML tag (it does not begin with an alphanumeric character).
HHC3004: Warning: transferringworkcentredetails.htm : The HTML tag "?xml version="1.0" encoding="Windows-1252"?" is not a valid HTML tag (it does not begin with an alphanumeric character).
HHC3004: Warning: orderupdateexport.htm : The HTML tag "?xml version="1.0" encoding="Windows-1252"?" is not a valid HTML tag (it does not begin with an alphanumeric character).
HHC3004: Warning: psatosfdcexport.htm : The HTML tag "?xml version="1.0" encoding="Windows-1252"?" is not a valid HTML tag (it does not begin with an alphanumeric character).
HHC3004: Warning: sfdctopsaimport.htm : The HTML tag "?xml version="1.0" encoding="Windows-1252"?" is not a valid HTML tag (it does not begin with an alphanumeric character).
HHC3004: Warning: dataexchangeradiusii.htm : The HTML tag "?xml version="1.0" encoding="Windows-1252"?" is not a valid HTML tag (it does not begin with an alphanumeric character).
HHC3004: Warning: dataexchangesfdc.htm : The HTML tag "?xml version="1.0" encoding="Windows-1252"?" is not a valid HTML tag (it does not begin with an alphanumeric character).
HHC3004: Warning: globalparameters.htm : The HTML tag "?xml version="1.0" encoding="Windows-1252"?" is not a valid HTML tag (it does not begin with an alphanumeric character).
HHC3004: Warning: localparameters.htm : The HTML tag "?xml version="1.0" encoding="Windows-1252"?" is not a valid HTML tag (it does not begin with an alphanumeric character).
HHC3004: Warning: citrixterminalserverusage.htm : The HTML tag "?xml version="1.0" encoding="Windows-1252"?" is not a valid HTML tag (it does not begin with an alphanumeric character).
HHC3004: Warning: multipleschedules.htm : The HTML tag "?xml version="1.0" encoding="Windows-1252"?" is not a valid HTML tag (it does not begin with an alphanumeric character).
HHC3004: Warning: pcspecificationrecommendation.htm : The HTML tag "?xml version="1.0" encoding="Windows-1252"?" is not a valid HTML tag (it does not begin with an alphanumeric character).
HHC3004: Warning: translation.htm : The HTML tag "?xml version="1.0" encoding="Windows-1252"?" is not a valid HTML tag (it does not begin with an alphanumeric character).
HHC3004: Warning: customversions.htm : The HTML tag "?xml version="1.0" encoding="Windows-1252"?" is not a valid HTML tag (it does not begin with an alphanumeric character).
HHC3004: Warning: workcentretypes.htm : The HTML tag "?xml version="1.0" encoding="Windows-1252"?" is not a valid HTML tag (it does not begin with an alphanumeric character).
HHC3004: Warning: customerallocations.htm : The HTML tag "?xml version="1.0" encoding="Windows-1252"?" is not a valid HTML tag (it does not begin with an alphanumeric character).
HHC3004: Warning: psaloader.htm : The HTML tag "?xml version="1.0" encoding="Windows-1252"?" is not a valid HTML tag (it does not begin with an alphanumeric character).
HHC3004: Warning: backingupthescheduledaily.htm : The HTML tag "?xml version="1.0" encoding="Windows-1252"?" is not a valid HTML tag (it does not begin with an alphanumeric character).
HHC3004: Warning: waitandmovetimedefinition.htm : The HTML tag "?xml version="1.0" encoding="Windows-1252"?" is not a valid HTML tag (it does not begin with an alphanumeric character).
HHC3004: Warning: definingaholidayperiod.htm : The HTML tag "?xml version="1.0" encoding="Windows-1252"?" is not a valid HTML tag (it does not begin with an alphanumeric character).
HHC3004: Warning: dynamicworktolistreport.htm : The HTML tag "?xml version="1.0" encoding="Windows-1252"?" is not a valid HTML tag (it does not begin with an alphanumeric character).
HHC3004: Warning: errorcodesandknowproblems.htm : The HTML tag "?xml version="1.0" encoding="Windows-1252"?" is not a valid HTML tag (it does not begin with an alphanumeric character).
HHC3004: Warning: toolingupgrade.htm : The HTML tag "?xml version="1.0" encoding="Windows-1252"?" is not a valid HTML tag (it does not begin with an alphanumeric character).
HHC3004: Warning: internaldateformats.htm : The HTML tag "?xml version="1.0" encoding="Windows-1252"?" is not a valid HTML tag (it does not begin with an alphanumeric character).
HHC3004: Warning: releasehistory.htm : The HTML tag "?xml version="1.0" encoding="Windows-1252"?" is not a valid HTML tag (it does not begin with an alphanumeric character).

Compile time: 0 minutes, 4 seconds
221	Topics
1,115	Local links
0	Internet links
1	Graphic


Created c:\Users\psaadm\Desktop\HTML Test\psa3-html\HTMLHelp\psa3-html.chm, 4,115,300 bytes
Compression decreased file by 2,615,798 bytes.
